<?xml version="1.0" encoding="UTF-8"?>
<!-- Generated by org.testng.reporters.JUnitReportReporter -->
<testsuite hostname="LAPTOP-76FA927J" failures="0" tests="1" name="testcases.HomePage" time="6.822" errors="0" timestamp="01 May 2023 06:48:21 GMT" skipped="0">
  <testcase classname="testcases.HomePage" name="test3" time="6.822"/>
</testsuite> <!-- testcases.HomePage -->
