<?xml version="1.0" encoding="UTF-8"?>
<!-- Generated by org.testng.reporters.JUnitReportReporter -->
<testsuite hostname="LAPTOP-76FA927J" failures="0" tests="1" name="testcases.LoginTest" time="22.172" errors="0" timestamp="02 May 2023 06:21:48 GMT" skipped="0">
  <testcase classname="testcases.LoginTest" name="test4" time="22.172"/>
</testsuite> <!-- testcases.LoginTest -->
