<?xml version="1.0" encoding="UTF-8"?>
<!-- Generated by org.testng.reporters.JUnitReportReporter -->
<testsuite hostname="LAPTOP-76FA927J" failures="0" tests="1" name="testcases.HomePage" time="3.749" errors="0" timestamp="05 May 2023 04:27:11 GMT" skipped="0">
  <testcase classname="testcases.HomePage" name="test3" time="3.749"/>
</testsuite> <!-- testcases.HomePage -->
