<?xml version="1.0" encoding="UTF-8"?>
<!-- Generated by org.testng.reporters.JUnitReportReporter -->
<testsuite hostname="LAPTOP-76FA927J" failures="0" tests="3" name="testcases.LoginTest" time="68.373" errors="0" timestamp="03 May 2023 12:10:15 GMT" skipped="0">
  <testcase classname="testcases.LoginTest" name="test4" time="20.500"/>
  <testcase classname="testcases.LoginTest" name="test2" time="23.366"/>
  <testcase classname="testcases.LoginTest" name="test1" time="24.507"/>
</testsuite> <!-- testcases.LoginTest -->
